<?xml version="1.0" encoding="UTF-8"?>
<robot generator="Robot 5.0 (Python 3.9.12 on win32)" generated="20220407 17:44:03.843" rpa="false" schemaversion="3">
<suite id="s1" name="Shopping" source="C:\Users\UTKARSH\PycharmProjects\RoboticFramework\Tests\SampleApp\FunctionalTestSuite\Shopping.robot">
<test id="s1-t1" name="Google search" line="15">
<kw name="Open Browser" library="SeleniumLibrary">
<arg>${url}</arg>
<arg>chrome</arg>
<doc>Opens a new browser instance to the optional ``url``.</doc>
<msg timestamp="20220407 17:44:04.005" level="INFO">Opening browser 'chrome' to base url 'https://www.google.com/'.</msg>
<status status="PASS" starttime="20220407 17:44:04.004" endtime="20220407 17:44:06.033"/>
</kw>
<kw name="search data">
<kw name="Input Text" library="SeleniumLibrary">
<arg>name:q</arg>
<arg>${search_flipkart}</arg>
<doc>Types the given ``text`` into the text field identified by ``locator``.</doc>
<msg timestamp="20220407 17:44:06.034" level="INFO">Typing text 'Flipkart' into text field 'name:q'.</msg>
<status status="PASS" starttime="20220407 17:44:06.033" endtime="20220407 17:44:06.106"/>
</kw>
<status status="PASS" starttime="20220407 17:44:06.033" endtime="20220407 17:44:06.106"/>
</kw>
<kw name="Submit Form" library="SeleniumLibrary">
<doc>Submits a form identified by ``locator``.</doc>
<msg timestamp="20220407 17:44:06.107" level="INFO">Submitting form 'None'.</msg>
<status status="PASS" starttime="20220407 17:44:06.107" endtime="20220407 17:44:08.415"/>
</kw>
<kw name="Click Element" library="SeleniumLibrary">
<arg>class:LC20lb</arg>
<doc>Click the element identified by ``locator``.</doc>
<msg timestamp="20220407 17:44:08.416" level="INFO">Clicking element 'class:LC20lb'.</msg>
<status status="PASS" starttime="20220407 17:44:08.415" endtime="20220407 17:44:10.822"/>
</kw>
<doc>google search test</doc>
<tag>google</tag>
<status status="PASS" starttime="20220407 17:44:04.004" endtime="20220407 17:44:10.822"/>
</test>
<test id="s1-t2" name="Flipkart product search" line="23">
<kw name="Sleep" library="BuiltIn">
<arg>2s</arg>
<doc>Pauses the test executed for the given time.</doc>
<msg timestamp="20220407 17:44:12.837" level="INFO">Slept 2 seconds</msg>
<status status="PASS" starttime="20220407 17:44:10.825" endtime="20220407 17:44:12.837"/>
</kw>
<kw name="Click Button" library="SeleniumLibrary">
<arg>class:_2KpZ6l</arg>
<doc>Clicks the button identified by ``locator``.</doc>
<msg timestamp="20220407 17:44:12.838" level="INFO">Clicking button 'class:_2KpZ6l'.</msg>
<status status="PASS" starttime="20220407 17:44:12.837" endtime="20220407 17:44:12.969"/>
</kw>
<kw name="Input Text" library="SeleniumLibrary">
<arg>name:q</arg>
<arg>iphone13</arg>
<doc>Types the given ``text`` into the text field identified by ``locator``.</doc>
<msg timestamp="20220407 17:44:12.975" level="INFO">Typing text 'iphone13' into text field 'name:q'.</msg>
<status status="PASS" starttime="20220407 17:44:12.974" endtime="20220407 17:44:13.090"/>
</kw>
<kw name="Click Button" library="SeleniumLibrary">
<arg>class:L0Z3Pu</arg>
<doc>Clicks the button identified by ``locator``.</doc>
<msg timestamp="20220407 17:44:13.091" level="INFO">Clicking button 'class:L0Z3Pu'.</msg>
<status status="PASS" starttime="20220407 17:44:13.090" endtime="20220407 17:44:13.178"/>
</kw>
<kw name="Sleep" library="BuiltIn">
<arg>2s</arg>
<doc>Pauses the test executed for the given time.</doc>
<msg timestamp="20220407 17:44:15.181" level="INFO">Slept 2 seconds</msg>
<status status="PASS" starttime="20220407 17:44:13.178" endtime="20220407 17:44:15.181"/>
</kw>
<doc>searching products on flipkart</doc>
<tag>flipkart</tag>
<status status="PASS" starttime="20220407 17:44:10.825" endtime="20220407 17:44:15.181"/>
</test>
<test id="s1-t3" name="Flipkart product selection" line="31">
<kw name="Click Element" library="SeleniumLibrary">
<arg>xpath= /html/body/div/div/div[3]/div[1]/div[2]/div[3]/div/div/div/a/div[2]/div[1]/div[1]</arg>
<doc>Click the element identified by ``locator``.</doc>
<msg timestamp="20220407 17:44:15.183" level="INFO">Clicking element 'xpath= /html/body/div/div/div[3]/div[1]/div[2]/div[3]/div/div/div/a/div[2]/div[1]/div[1]'.</msg>
<status status="PASS" starttime="20220407 17:44:15.183" endtime="20220407 17:44:15.246"/>
</kw>
<kw name="Sleep" library="BuiltIn">
<arg>2s</arg>
<doc>Pauses the test executed for the given time.</doc>
<msg timestamp="20220407 17:44:17.257" level="INFO">Slept 2 seconds</msg>
<status status="PASS" starttime="20220407 17:44:15.246" endtime="20220407 17:44:17.257"/>
</kw>
<doc>selecting product</doc>
<tag>flipkart</tag>
<status status="PASS" starttime="20220407 17:44:15.182" endtime="20220407 17:44:17.257"/>
</test>
<test id="s1-t4" name="Flipkart product buy" line="38">
<kw name="Switch Window" library="SeleniumLibrary">
<arg>title:APPLE iPhone 13 ( 128 GB GB Storage, 0 GB RAM ) Online at Best Price On Flipkart.com</arg>
<doc>Switches to browser window matching ``locator``.</doc>
<status status="PASS" starttime="20220407 17:44:17.258" endtime="20220407 17:44:17.392"/>
</kw>
<kw name="Click Button" library="SeleniumLibrary">
<arg>xpath = //html/body/div[1]/div/div[3]/div[1]/div[1]/div[2]/div/ul/li[2]/form/button</arg>
<doc>Clicks the button identified by ``locator``.</doc>
<msg timestamp="20220407 17:44:17.393" level="INFO">Clicking button 'xpath = //html/body/div[1]/div/div[3]/div[1]/div[1]/div[2]/div/ul/li[2]/form/button'.</msg>
<status status="PASS" starttime="20220407 17:44:17.393" endtime="20220407 17:44:17.457"/>
</kw>
<kw name="Sleep" library="BuiltIn">
<arg>10s</arg>
<doc>Pauses the test executed for the given time.</doc>
<msg timestamp="20220407 17:44:27.462" level="INFO">Slept 10 seconds</msg>
<status status="PASS" starttime="20220407 17:44:17.458" endtime="20220407 17:44:27.462"/>
</kw>
<doc>product purchase</doc>
<tag>fliplart</tag>
<status status="PASS" starttime="20220407 17:44:17.258" endtime="20220407 17:44:27.462"/>
</test>
<test id="s1-t5" name="Flipkart userloin" line="45">
<kw name="Sleep" library="BuiltIn">
<arg>5s</arg>
<doc>Pauses the test executed for the given time.</doc>
<msg timestamp="20220407 17:44:32.476" level="INFO">Slept 5 seconds</msg>
<status status="PASS" starttime="20220407 17:44:27.464" endtime="20220407 17:44:32.476"/>
</kw>
<kw name="Input Text" library="SeleniumLibrary">
<arg>xpath = /html/body/div[1]/div/div[2]/div/div[1]/div[1]/div/div/div/div/div[1]/div/form/div[1]/input</arg>
<arg>test@gmail.com</arg>
<doc>Types the given ``text`` into the text field identified by ``locator``.</doc>
<msg timestamp="20220407 17:44:32.477" level="INFO">Typing text 'test@gmail.com' into text field 'xpath = /html/body/div[1]/div/div[2]/div/div[1]/div[1]/div/div/div/div/div[1]/div/form/div[1]/input'.</msg>
<status status="PASS" starttime="20220407 17:44:32.476" endtime="20220407 17:44:32.571"/>
</kw>
<kw name="Click Button" library="SeleniumLibrary">
<arg>xpath = //html/body/div[1]/div/div[2]/div/div[1]/div[1]/div/div/div/div/div[1]/div/form/div[3]/button</arg>
<doc>Clicks the button identified by ``locator``.</doc>
<msg timestamp="20220407 17:44:32.572" level="INFO">Clicking button 'xpath = //html/body/div[1]/div/div[2]/div/div[1]/div[1]/div/div/div/div/div[1]/div/form/div[3]/button'.</msg>
<status status="PASS" starttime="20220407 17:44:32.571" endtime="20220407 17:44:32.638"/>
</kw>
<kw name="stop testcase">
<kw name="Close Browser" library="SeleniumLibrary">
<doc>Closes the current browser.</doc>
<status status="PASS" starttime="20220407 17:44:32.639" endtime="20220407 17:44:34.892"/>
</kw>
<status status="PASS" starttime="20220407 17:44:32.639" endtime="20220407 17:44:34.893"/>
</kw>
<doc>login</doc>
<tag>flipkart</tag>
<status status="PASS" starttime="20220407 17:44:27.463" endtime="20220407 17:44:34.893"/>
</test>
<status status="PASS" starttime="20220407 17:44:03.844" endtime="20220407 17:44:34.895"/>
</suite>
<statistics>
<total>
<stat pass="5" fail="0" skip="0">All Tests</stat>
</total>
<tag>
<stat pass="3" fail="0" skip="0">flipkart</stat>
<stat pass="1" fail="0" skip="0">fliplart</stat>
<stat pass="1" fail="0" skip="0">google</stat>
</tag>
<suite>
<stat pass="5" fail="0" skip="0" id="s1" name="Shopping">Shopping</stat>
</suite>
</statistics>
<errors>
</errors>
</robot>
